<?xml version="1.0" encoding="UTF-8"?>
<testsuite xmlns:xsi="http://www.w3.org/2001/XMLSchema-instance" xsi:noNamespaceSchemaLocation="https://maven.apache.org/surefire/maven-surefire-plugin/xsd/surefire-test-report.xsd" name="com.example.telproject.service.ManagerServiceTest" time="0.099" tests="10" errors="0" skipped="0" failures="0">
  <properties>
[...]
</properties>
  <testcase name="findManagerByIdException" classname="com.example.telproject.service.ManagerServiceTest" time="0.003"/>
  <testcase name="addNewManagerEmailRegisteredException" classname="com.example.telproject.service.ManagerServiceTest" time="0.001"/>
  <testcase name="addNewManagerEmailException" classname="com.example.telproject.service.ManagerServiceTest" time="0.005"/>
  <testcase name="updateManager" classname="com.example.telproject.service.ManagerServiceTest" time="0.002"/>
  <testcase name="addNewManagerExistsException" classname="com.example.telproject.service.ManagerServiceTest" time="0.001"/>
  <testcase name="updateManagerException" classname="com.example.telproject.service.ManagerServiceTest" time="0.001"/>
  <testcase name="findManagerById" classname="com.example.telproject.service.ManagerServiceTest" time="0.001"/>
  <testcase name="addNewManager" classname="com.example.telproject.service.ManagerServiceTest" time="0.002"/>
  <testcase name="findManagerByName" classname="com.example.telproject.service.ManagerServiceTest" time="0.001"/>
  <testcase name="findByNameException" classname="com.example.telproject.service.ManagerServiceTest" time="0.001"/>
</testsuite>